  Camera.cpp
  Direct3D11.cpp
  DWrite.cpp
  GameObject.cpp
  Gui.cpp
  Input.cpp
  Light.cpp
  ObCircle.cpp
  ObImage.cpp
  ObLine.cpp
  ObRect.cpp
  ObStar.cpp
  ObTileMap.cpp
  Random.cpp
  SceneManager.cpp
  Shader.cpp
  Sound.cpp
  Texture.cpp
  Timer.cpp
  Utility.cpp
  Window.cpp
C:\Users\jangh\Desktop\PokeDefense\2DFrameWork\ObTileMap.cpp(169,48): warning C4244: '=': 'int'에서 'float'(으)로 변환하면서 데이터가 손실될 수 있습니다.
C:\Users\jangh\Desktop\PokeDefense\2DFrameWork\ObTileMap.cpp(171,47): warning C4244: '=': 'int'에서 'float'(으)로 변환하면서 데이터가 손실될 수 있습니다.
C:\Users\jangh\Desktop\PokeDefense\2DFrameWork\ObTileMap.cpp(198,24): warning C4018: '<': signed 또는 unsigned가 일치하지 않습니다.
C:\Users\jangh\Desktop\PokeDefense\2DFrameWork\ObTileMap.cpp(200,28): warning C4018: '<': signed 또는 unsigned가 일치하지 않습니다.
C:\Users\jangh\Desktop\PokeDefense\2DFrameWork\ObTileMap.cpp(245,26): warning C4244: '=': 'float'에서 'int'(으)로 변환하면서 데이터가 손실될 수 있습니다.
C:\Users\jangh\Desktop\PokeDefense\2DFrameWork\ObTileMap.cpp(246,26): warning C4244: '=': 'float'에서 'int'(으)로 변환하면서 데이터가 손실될 수 있습니다.
C:\Users\jangh\Desktop\PokeDefense\2DFrameWork\ObTileMap.cpp(373,33): warning C4244: 'return': 'float'에서 'int'(으)로 변환하면서 데이터가 손실될 수 있습니다.
C:\Users\jangh\Desktop\PokeDefense\2DFrameWork\Texture.cpp(29,68): warning C4267: '=': 'size_t'에서 'int'(으)로 변환하면서 데이터가 손실될 수 있습니다.
C:\Users\jangh\Desktop\PokeDefense\2DFrameWork\Texture.cpp(30,69): warning C4267: '=': 'size_t'에서 'int'(으)로 변환하면서 데이터가 손실될 수 있습니다.
C:\Users\jangh\Desktop\PokeDefense\2DFrameWork\DWrite.cpp(173,5): warning C4267: '인수': 'size_t'에서 'UINT32'(으)로 변환하면서 데이터가 손실될 수 있습니다.
C:\Program Files\Microsoft Visual Studio\2022\Community\VC\Tools\MSVC\14.33.31629\include\xstring(2824,53): warning C4244: '인수': 'wchar_t'에서 'const _Elem'(으)로 변환하면서 데이터가 손실될 수 있습니다.
          with
          [
              _Elem=char
          ] (소스 파일 컴파일 중 ObTileMap.cpp)
C:\Program Files\Microsoft Visual Studio\2022\Community\VC\Tools\MSVC\14.33.31629\include\xstring(2664): message : 컴파일되는 함수 템플릿 인스턴스화 'void std::basic_string<char,std::char_traits<char>,std::allocator<char>>::_Construct_from_iter<wchar_t*>(_Iter,const _Iter)'에 대한 참조를 확인하세요.
          with
          [
              _Iter=wchar_t *
          ] (소스 파일 컴파일 중 ObTileMap.cpp)
C:\Program Files\Microsoft Visual Studio\2022\Community\VC\Tools\MSVC\14.33.31629\include\xstring(2664): message : 컴파일되는 함수 템플릿 인스턴스화 'void std::basic_string<char,std::char_traits<char>,std::allocator<char>>::_Construct_from_iter<wchar_t*>(_Iter,const _Iter)'에 대한 참조를 확인하세요.
          with
          [
              _Iter=wchar_t *
          ] (소스 파일 컴파일 중 ObTileMap.cpp)
C:\Program Files\Microsoft Visual Studio\2022\Community\VC\Tools\MSVC\14.33.31629\include\xstring(3506): message : 컴파일되는 함수 템플릿 인스턴스화 'std::basic_string<char,std::char_traits<char>,std::allocator<char>>::basic_string<wchar_t*,0>(_Iter,_Iter,const _Alloc &)'에 대한 참조를 확인하세요.
          with
          [
              _Iter=wchar_t *,
              _Alloc=std::allocator<char>
          ] (소스 파일 컴파일 중 ObTileMap.cpp)
C:\Program Files\Microsoft Visual Studio\2022\Community\VC\Tools\MSVC\14.33.31629\include\xstring(3506): message : 컴파일되는 함수 템플릿 인스턴스화 'std::basic_string<char,std::char_traits<char>,std::allocator<char>>::basic_string<wchar_t*,0>(_Iter,_Iter,const _Alloc &)'에 대한 참조를 확인하세요.
          with
          [
              _Iter=wchar_t *,
              _Alloc=std::allocator<char>
          ] (소스 파일 컴파일 중 ObTileMap.cpp)
C:\Users\jangh\Desktop\PokeDefense\2DFrameWork\ObTileMap.cpp(267): message : 컴파일되는 함수 템플릿 인스턴스화 'std::basic_string<char,std::char_traits<char>,std::allocator<char>> &std::basic_string<char,std::char_traits<char>,std::allocator<char>>::assign<std::_String_iterator<std::_String_val<std::_Simple_types<_Elem>>>,0>(const _Iter,const _Iter)'에 대한 참조를 확인하세요.
          with
          [
              _Elem=wchar_t,
              _Iter=std::_String_iterator<std::_String_val<std::_Simple_types<wchar_t>>>
          ]
C:\Users\jangh\Desktop\PokeDefense\2DFrameWork\ObTileMap.cpp(267): message : 컴파일되는 함수 템플릿 인스턴스화 'std::basic_string<char,std::char_traits<char>,std::allocator<char>> &std::basic_string<char,std::char_traits<char>,std::allocator<char>>::assign<std::_String_iterator<std::_String_val<std::_Simple_types<_Elem>>>,0>(const _Iter,const _Iter)'에 대한 참조를 확인하세요.
          with
          [
              _Elem=wchar_t,
              _Iter=std::_String_iterator<std::_String_val<std::_Simple_types<wchar_t>>>
          ]
     C:\Users\jangh\Desktop\PokeDefense\\Build\2DFrameWork\2DFrameWork.lib 라이브러리 및 C:\Users\jangh\Desktop\PokeDefense\\Build\2DFrameWork\2DFrameWork.exp 개체를 생성하고 있습니다.
MSVCRTD.lib(exe_wwinmain.obj) : error LNK2019: wWinMain"int __cdecl invoke_main(void)" (?invoke_main@@YAHXZ) 함수에서 참조되는 확인할 수 없는 외부 기호
C:\Users\jangh\Desktop\PokeDefense\\Build\2DFrameWork\2DFrameWork.exe : fatal error LNK1120: 1개의 확인할 수 없는 외부 참조입니다.
