C:\Program Files\Microsoft Visual Studio\2022\Community\MSBuild\Microsoft\VC\v170\Microsoft.CppBuild.targets(531,5): warning MSB8028: 중간 디렉터리(C:\Users\슈뢰딩거\OneDrive - korea.ac.kr\PokeDefense\Tower_Bloon_Test_3\\Build\Obj\)에 다른 프로젝트(TileMapEditor.vcxproj)에서 공유하는 파일이 포함되어 있습니다.  이로 인해 잘못된 정리 및 다시 빌드 동작이 수행될 수 있습니다.
  Bellsprout.cpp
  Bloon.cpp
  Bulbasaur.cpp
  Caterpie.cpp
  Charmander.cpp
  Chimchar.cpp
  Crobat.cpp
  Cursor.cpp
  Delibird.cpp
  Entity.cpp
  Garchomp.cpp
  Golduck.cpp
  Happiny.cpp
  LoadingScene.cpp
  Magby.cpp
  Magmator.cpp
  Main.cpp
  Milotic.cpp
  Ninetails.cpp
  Piplup.cpp
  Psyduck.cpp
  Purugly.cpp
  Rattata.cpp
  Roserade.cpp
  Scene01.cpp
  Scene02.cpp
  Skuntank.cpp
  Squirtle.cpp
C:\Users\슈뢰딩거\OneDrive - korea.ac.kr\PokeDefense\Tower_Bloon_Test_3\Game2\Scene01.cpp(169,23): warning C4244: '*=': 'float'에서 'int'(으)로 변환하면서 데이터가 손실될 수 있습니다.
C:\Users\슈뢰딩거\OneDrive - korea.ac.kr\PokeDefense\Tower_Bloon_Test_3\Game2\Scene01.cpp(179,22): warning C4244: '*=': 'float'에서 'int'(으)로 변환하면서 데이터가 손실될 수 있습니다.
C:\Users\슈뢰딩거\OneDrive - korea.ac.kr\PokeDefense\Tower_Bloon_Test_3\Game2\Scene01.cpp(185,22): warning C4244: '*=': 'float'에서 'int'(으)로 변환하면서 데이터가 손실될 수 있습니다.
C:\Users\슈뢰딩거\OneDrive - korea.ac.kr\PokeDefense\Tower_Bloon_Test_3\Game2\Scene01.cpp(191,22): warning C4244: '*=': 'float'에서 'int'(으)로 변환하면서 데이터가 손실될 수 있습니다.
C:\Users\슈뢰딩거\OneDrive - korea.ac.kr\PokeDefense\Tower_Bloon_Test_3\Game2\Scene01.cpp(197,22): warning C4244: '*=': 'float'에서 'int'(으)로 변환하면서 데이터가 손실될 수 있습니다.
C:\Users\슈뢰딩거\OneDrive - korea.ac.kr\PokeDefense\Tower_Bloon_Test_3\Game2\Scene01.cpp(203,22): warning C4244: '*=': 'float'에서 'int'(으)로 변환하면서 데이터가 손실될 수 있습니다.
C:\Users\슈뢰딩거\OneDrive - korea.ac.kr\PokeDefense\Tower_Bloon_Test_3\Game2\Scene01.cpp(209,22): warning C4244: '*=': 'float'에서 'int'(으)로 변환하면서 데이터가 손실될 수 있습니다.
C:\Users\슈뢰딩거\OneDrive - korea.ac.kr\PokeDefense\Tower_Bloon_Test_3\Game2\Scene01.cpp(215,22): warning C4244: '*=': 'float'에서 'int'(으)로 변환하면서 데이터가 손실될 수 있습니다.
C:\Users\슈뢰딩거\OneDrive - korea.ac.kr\PokeDefense\Tower_Bloon_Test_3\Game2\Scene01.cpp(221,22): warning C4244: '*=': 'float'에서 'int'(으)로 변환하면서 데이터가 손실될 수 있습니다.
C:\Users\슈뢰딩거\OneDrive - korea.ac.kr\PokeDefense\Tower_Bloon_Test_3\Game2\Scene01.cpp(227,22): warning C4244: '*=': 'float'에서 'int'(으)로 변환하면서 데이터가 손실될 수 있습니다.
C:\Users\슈뢰딩거\OneDrive - korea.ac.kr\PokeDefense\Tower_Bloon_Test_3\Game2\Scene02.cpp(420,32): warning C4305: '인수': 'double'에서 'float'(으)로 잘립니다.
C:\Users\슈뢰딩거\OneDrive - korea.ac.kr\PokeDefense\Tower_Bloon_Test_3\Game2\Scene02.cpp(445,32): warning C4305: '인수': 'double'에서 'float'(으)로 잘립니다.
C:\Users\슈뢰딩거\OneDrive - korea.ac.kr\PokeDefense\Tower_Bloon_Test_3\Game2\Scene02.cpp(481,32): warning C4305: '인수': 'double'에서 'float'(으)로 잘립니다.
C:\Users\슈뢰딩거\OneDrive - korea.ac.kr\PokeDefense\Tower_Bloon_Test_3\Game2\Scene02.cpp(500,32): warning C4305: '인수': 'double'에서 'float'(으)로 잘립니다.
C:\Users\슈뢰딩거\OneDrive - korea.ac.kr\PokeDefense\Tower_Bloon_Test_3\Game2\Scene02.cpp(522,32): warning C4305: '인수': 'double'에서 'float'(으)로 잘립니다.
C:\Users\슈뢰딩거\OneDrive - korea.ac.kr\PokeDefense\Tower_Bloon_Test_3\Game2\Scene02.cpp(540,32): warning C4305: '인수': 'double'에서 'float'(으)로 잘립니다.
C:\Users\슈뢰딩거\OneDrive - korea.ac.kr\PokeDefense\Tower_Bloon_Test_3\Game2\Scene02.cpp(559,32): warning C4305: '인수': 'double'에서 'float'(으)로 잘립니다.
C:\Users\슈뢰딩거\OneDrive - korea.ac.kr\PokeDefense\Tower_Bloon_Test_3\Game2\Scene02.cpp(589,32): warning C4305: '인수': 'double'에서 'float'(으)로 잘립니다.
C:\Users\슈뢰딩거\OneDrive - korea.ac.kr\PokeDefense\Tower_Bloon_Test_3\Game2\Scene02.cpp(608,32): warning C4305: '인수': 'double'에서 'float'(으)로 잘립니다.
C:\Users\슈뢰딩거\OneDrive - korea.ac.kr\PokeDefense\Tower_Bloon_Test_3\Game2\Scene02.cpp(627,32): warning C4305: '인수': 'double'에서 'float'(으)로 잘립니다.
C:\Users\슈뢰딩거\OneDrive - korea.ac.kr\PokeDefense\Tower_Bloon_Test_3\Game2\Scene02.cpp(646,32): warning C4305: '인수': 'double'에서 'float'(으)로 잘립니다.
C:\Users\슈뢰딩거\OneDrive - korea.ac.kr\PokeDefense\Tower_Bloon_Test_3\Game2\Scene02.cpp(665,32): warning C4305: '인수': 'double'에서 'float'(으)로 잘립니다.
C:\Users\슈뢰딩거\OneDrive - korea.ac.kr\PokeDefense\Tower_Bloon_Test_3\Game2\Scene02.cpp(684,32): warning C4305: '인수': 'double'에서 'float'(으)로 잘립니다.
C:\Users\슈뢰딩거\OneDrive - korea.ac.kr\PokeDefense\Tower_Bloon_Test_3\Game2\Scene02.cpp(702,32): warning C4305: '인수': 'double'에서 'float'(으)로 잘립니다.
  TextBar.cpp
  Togekiss.cpp
  Tower.cpp
  Turtwig.cpp
C:\Users\슈뢰딩거\OneDrive - korea.ac.kr\PokeDefense\Tower_Bloon_Test_3\Game2\TextBar.cpp(107,32): warning C4305: '인수': 'double'에서 'float'(으)로 잘립니다.
C:\Users\슈뢰딩거\OneDrive - korea.ac.kr\PokeDefense\Tower_Bloon_Test_3\Game2\TextBar.cpp(143,32): warning C4305: '인수': 'double'에서 'float'(으)로 잘립니다.
C:\Users\슈뢰딩거\OneDrive - korea.ac.kr\PokeDefense\Tower_Bloon_Test_3\Game2\TextBar.cpp(174,32): warning C4305: '인수': 'double'에서 'float'(으)로 잘립니다.
C:\Users\슈뢰딩거\OneDrive - korea.ac.kr\PokeDefense\Tower_Bloon_Test_3\Game2\TextBar.cpp(230,32): warning C4305: '인수': 'double'에서 'float'(으)로 잘립니다.
C:\Users\슈뢰딩거\OneDrive - korea.ac.kr\PokeDefense\Tower_Bloon_Test_3\Game2\TextBar.cpp(293,32): warning C4305: '인수': 'double'에서 'float'(으)로 잘립니다.
C:\Users\슈뢰딩거\OneDrive - korea.ac.kr\PokeDefense\Tower_Bloon_Test_3\Game2\TextBar.cpp(341,32): warning C4305: '인수': 'double'에서 'float'(으)로 잘립니다.
C:\Users\슈뢰딩거\OneDrive - korea.ac.kr\PokeDefense\Tower_Bloon_Test_3\Game2\TextBar.cpp(368,32): warning C4305: '인수': 'double'에서 'float'(으)로 잘립니다.
C:\Users\슈뢰딩거\OneDrive - korea.ac.kr\PokeDefense\Tower_Bloon_Test_3\Game2\TextBar.cpp(389,32): warning C4305: '인수': 'double'에서 'float'(으)로 잘립니다.
C:\Users\슈뢰딩거\OneDrive - korea.ac.kr\PokeDefense\Tower_Bloon_Test_3\Game2\TextBar.cpp(410,32): warning C4305: '인수': 'double'에서 'float'(으)로 잘립니다.
C:\Users\슈뢰딩거\OneDrive - korea.ac.kr\PokeDefense\Tower_Bloon_Test_3\Game2\TextBar.cpp(450,32): warning C4305: '인수': 'double'에서 'float'(으)로 잘립니다.
C:\Users\슈뢰딩거\OneDrive - korea.ac.kr\PokeDefense\Tower_Bloon_Test_3\Game2\TextBar.cpp(472,32): warning C4305: '인수': 'double'에서 'float'(으)로 잘립니다.
C:\Users\슈뢰딩거\OneDrive - korea.ac.kr\PokeDefense\Tower_Bloon_Test_3\Game2\TextBar.cpp(498,32): warning C4305: '인수': 'double'에서 'float'(으)로 잘립니다.
C:\Users\슈뢰딩거\OneDrive - korea.ac.kr\PokeDefense\Tower_Bloon_Test_3\Game2\TextBar.cpp(520,32): warning C4305: '인수': 'double'에서 'float'(으)로 잘립니다.
  Ui.cpp
  Victreebel.cpp
C:\Users\슈뢰딩거\OneDrive - korea.ac.kr\PokeDefense\Tower_Bloon_Test_3\Game2\Ui.cpp(327,45): warning C4267: '인수': 'size_t'에서 'int'(으)로 변환하면서 데이터가 손실될 수 있습니다.
     C:\Users\슈뢰딩거\OneDrive - korea.ac.kr\PokeDefense\Tower_Bloon_Test_3\\Build\Game2.lib 라이브러리 및 C:\Users\슈뢰딩거\OneDrive - korea.ac.kr\PokeDefense\Tower_Bloon_Test_3\\Build\Game2.exp 개체를 생성하고 있습니다.
  Game2.vcxproj -> C:\Users\슈뢰딩거\OneDrive - korea.ac.kr\PokeDefense\Tower_Bloon_Test_3\Build\Game2.exe
