c:\users\슈뢰딩거\desktop\tower_bloon_test_3\build\obj\bellsprout.obj
c:\users\슈뢰딩거\desktop\tower_bloon_test_3\build\obj\cursor.obj
c:\users\슈뢰딩거\desktop\tower_bloon_test_3\build\obj\golduck.obj
c:\users\슈뢰딩거\desktop\tower_bloon_test_3\build\obj\magmator.obj
c:\users\슈뢰딩거\desktop\tower_bloon_test_3\build\obj\piplup.obj
c:\users\슈뢰딩거\desktop\tower_bloon_test_3\build\obj\roserade.obj
c:\users\슈뢰딩거\desktop\tower_bloon_test_3\build\obj\squirtle.obj
c:\users\슈뢰딩거\desktop\tower_bloon_test_3\build\obj\turtwig.obj
c:\users\슈뢰딩거\desktop\tower_bloon_test_3\build\obj\caterpie.obj
c:\users\슈뢰딩거\desktop\tower_bloon_test_3\build\obj\chimchar.obj
c:\users\슈뢰딩거\desktop\tower_bloon_test_3\build\obj\entity.obj
c:\users\슈뢰딩거\desktop\tower_bloon_test_3\build\obj\loadingscene.obj
c:\users\슈뢰딩거\desktop\tower_bloon_test_3\build\obj\main.obj
c:\users\슈뢰딩거\desktop\tower_bloon_test_3\build\obj\psyduck.obj
c:\users\슈뢰딩거\desktop\tower_bloon_test_3\build\obj\scene02.obj
c:\users\슈뢰딩거\desktop\tower_bloon_test_3\build\obj\textbar.obj
c:\users\슈뢰딩거\desktop\tower_bloon_test_3\build\obj\ui.obj
c:\users\슈뢰딩거\desktop\tower_bloon_test_3\build\obj\bloon.obj
c:\users\슈뢰딩거\desktop\tower_bloon_test_3\build\obj\charmander.obj
c:\users\슈뢰딩거\desktop\tower_bloon_test_3\build\obj\delibird.obj
c:\users\슈뢰딩거\desktop\tower_bloon_test_3\build\obj\magby.obj
c:\users\슈뢰딩거\desktop\tower_bloon_test_3\build\obj\ninetails.obj
c:\users\슈뢰딩거\desktop\tower_bloon_test_3\build\obj\purugly.obj
c:\users\슈뢰딩거\desktop\tower_bloon_test_3\build\obj\scene01.obj
c:\users\슈뢰딩거\desktop\tower_bloon_test_3\build\obj\tower.obj
c:\users\슈뢰딩거\desktop\tower_bloon_test_3\build\obj\bulbasaur.obj
c:\users\슈뢰딩거\desktop\tower_bloon_test_3\build\obj\crobat.obj
c:\users\슈뢰딩거\desktop\tower_bloon_test_3\build\obj\garchomp.obj
c:\users\슈뢰딩거\desktop\tower_bloon_test_3\build\obj\happiny.obj
c:\users\슈뢰딩거\desktop\tower_bloon_test_3\build\obj\milotic.obj
c:\users\슈뢰딩거\desktop\tower_bloon_test_3\build\obj\rattata.obj
c:\users\슈뢰딩거\desktop\tower_bloon_test_3\build\obj\skuntank.obj
c:\users\슈뢰딩거\desktop\tower_bloon_test_3\build\obj\togekiss.obj
c:\users\슈뢰딩거\desktop\tower_bloon_test_3\build\obj\victreebel.obj
c:\users\슈뢰딩거\desktop\tower_bloon_test_3\build\obj\vc143.pdb
c:\users\슈뢰딩거\desktop\tower_bloon_test_3\build\obj\vc142.pdb
c:\users\슈뢰딩거\desktop\tower_bloon_test_3\build\game2.lib
c:\users\슈뢰딩거\desktop\tower_bloon_test_3\build\game2.exp
c:\users\슈뢰딩거\onedrive - korea.ac.kr\pokedefense\tower_bloon_test_3\build\game2.lib
c:\users\슈뢰딩거\onedrive - korea.ac.kr\pokedefense\tower_bloon_test_3\build\game2.exp
c:\users\슈뢰딩거\desktop\tower_bloon_test_3\build\game2.exe
c:\users\슈뢰딩거\desktop\tower_bloon_test_3\build\obj\game2.ilk
c:\users\슈뢰딩거\desktop\tower_bloon_test_3\build\game2.pdb
c:\users\슈뢰딩거\desktop\tower_bloon_test_3\build\obj\vc142.idb
c:\users\슈뢰딩거\desktop\tower_bloon_test_3\build\obj\vc143.idb
c:\users\슈뢰딩거\desktop\tower_bloon_test_3\\build\game2.pdb
c:\users\슈뢰딩거\desktop\tower_bloon_test_3\build\obj\game2.tlog\cl.command.1.tlog
c:\users\슈뢰딩거\desktop\tower_bloon_test_3\build\obj\game2.tlog\cl.items.tlog
c:\users\슈뢰딩거\desktop\tower_bloon_test_3\build\obj\game2.tlog\cl.read.1.tlog
c:\users\슈뢰딩거\desktop\tower_bloon_test_3\build\obj\game2.tlog\cl.write.1.tlog
c:\users\슈뢰딩거\desktop\tower_bloon_test_3\build\obj\game2.tlog\game2.write.1u.tlog
c:\users\슈뢰딩거\desktop\tower_bloon_test_3\build\obj\game2.tlog\link.command.1.tlog
c:\users\슈뢰딩거\desktop\tower_bloon_test_3\build\obj\game2.tlog\link.delete.1.tlog
c:\users\슈뢰딩거\desktop\tower_bloon_test_3\build\obj\game2.tlog\link.read.1.tlog
c:\users\슈뢰딩거\desktop\tower_bloon_test_3\build\obj\game2.tlog\link.write.1.tlog
